Logger:         	MadelineProto 8.4.4
Logger:         	Copyright (C) 2016-2025 Daniil Gentili
Logger:         	Licensed under AGPLv3
Logger:         	https://github.com/danog/MadelineProto
Logger:         	MadelineProto можно локализировать на ваш язык (на данный момент переведено: 81%), откройте https://weblate.madelineproto.xyz чтобы помочь с переводом!
Serialization:  	Got exclusive session lock!
MTProto:        	The database settings have changed!
MTProto:        	The prometheus settings have changed!
MTProto:        	The serialization settings have changed!
DataCenter:     	Connecting to DC 2
DataCenterConnection: 	Restoring 0 messages to DC 2
Session:        	Resetting session in DC 2.0 due to creating initial session...
Connection:     	Connecting to DC 2.0 via tcp://149.154.167.51:443 main DC 2, via ipv4 using AbridgedStream => BufferedRawStream => DefaultStream 
Connection:     	Connected to DC 2.0 via tcp://149.154.167.51:443 main DC 2, via ipv4 using AbridgedStream => BufferedRawStream => DefaultStream!
DataCenterConnection: 	Acquiring lock in order to init auth for DC 2
DataCenterConnection: 	Initing auth for DC 2
DataCenterConnection: 	Generating permanent authorization key for DC 2...
AuthKeyHandler: 	Factorizing with native_single_cpp (please wait, might take a while)
AuthKeyHandler: 	Factorizing with python_single_alt (please wait, might take a while)
AuthKeyHandler: 	Install https://prime.madelineproto.xyz and the FFI extension to speed this up!
AuthKeyHandler: 	Factorizing with python_single (please wait, might take a while)
AuthKeyHandler: 	Install https://prime.madelineproto.xyz and the FFI extension to speed this up!
AuthKeyHandler: 	Factorizing with native_single (please wait, might take a while)
AuthKeyHandler: 	Install https://prime.madelineproto.xyz and the FFI extension to speed this up!
AuthKeyHandler: 	Auth key generated
DataCenterConnection: 	Generating temporary authorization key for DC 2...
AuthKeyHandler: 	Factorizing with native_single_cpp (please wait, might take a while)
AuthKeyHandler: 	Factorizing with python_single_alt (please wait, might take a while)
AuthKeyHandler: 	Install https://prime.madelineproto.xyz and the FFI extension to speed this up!
AuthKeyHandler: 	Factorizing with python_single (please wait, might take a while)
AuthKeyHandler: 	Install https://prime.madelineproto.xyz and the FFI extension to speed this up!
AuthKeyHandler: 	Factorizing with native_single (please wait, might take a while)
AuthKeyHandler: 	Install https://prime.madelineproto.xyz and the FFI extension to speed this up!
AuthKeyHandler: 	Auth key generated
WriteLoop:      	Skipping help.getConfig pending due to unbound keys in DC 2.0
WriteLoop:      	Skipping help.getConfig pending due to unbound keys in DC 2.0
DataCenterConnection: 	Bound temporary and permanent authorization keys, DC 2
WriteLoop:      	Writing client info (also executing help.getConfig)...
WriteLoop:      	Writing client info (also executing help.getConfig)...
WriteLoop:      	Writing client info (also executing help.getConfig)...
MTProto:        	Updated config!
MTProto:        	Starting update system
APIWrapper:     	Prompting initial serialization...
SessionPaths:   	Waiting for exclusive lock of C:\OSPanel\domains\arm\public\session.madeline\safe.php.lock...
SessionPaths:   	Got exclusive lock of C:\OSPanel\domains\arm\public\session.madeline\safe.php.lock...
SessionPaths:   	Waiting for exclusive lock of C:\OSPanel\domains\arm\public\session.madeline\lightState.php.lock...
SessionPaths:   	Got exclusive lock of C:\OSPanel\domains\arm\public\session.madeline\lightState.php.lock...
APIWrapper:     	Saved session!
APIWrapper:     	Done initial serialization!
APIWrapper:     	Shutting down MadelineProto (danog\MadelineProto\API)
MTProto:        	Will unreference instance
DataCenterConnection: 	Disconnecting from shared DC 2
Connection:     	Disconnecting from DC 2.0
DataCenterConnection: 	Backed up help.getConfig, help.getConfig,  from DC 2.0
Connection:     	Disconnected from DC 2.0
DataCenterConnection: 	Backed up 2, added to 0 existing messages) from DC 2
MTProto:        	Unreferenced instance
APIWrapper:     	Prompting final serialization...
SessionPaths:   	Waiting for exclusive lock of C:\OSPanel\domains\arm\public\session.madeline\safe.php.lock...
SessionPaths:   	Got exclusive lock of C:\OSPanel\domains\arm\public\session.madeline\safe.php.lock...
SessionPaths:   	Waiting for exclusive lock of C:\OSPanel\domains\arm\public\session.madeline\lightState.php.lock...
SessionPaths:   	Got exclusive lock of C:\OSPanel\domains\arm\public\session.madeline\lightState.php.lock...
APIWrapper:     	Saved session!
APIWrapper:     	Done final serialization!
Serialization:  	Unlocking exclusive session lock!
Serialization:  	Unlocked exclusive session lock!
Serialization:  	Got exclusive session lock!
MTProto:        	Will unreference instance
DataCenterConnection: 	Disconnecting from shared DC 2
DataCenterConnection: 	Backed up 0, added to 2 existing messages) from DC 2
MTProto:        	Unreferenced instance
DataCenter:     	Connecting to DC 2
DataCenterConnection: 	Restoring 0 messages to DC 2
Session:        	Resetting session in DC 2.0 due to creating initial session...
Connection:     	Connecting to DC 2.0 via tcp://149.154.167.41:443 main DC 2, via ipv4 using AbridgedStream => BufferedRawStream => DefaultStream 
MTProto:        	Shutting down MadelineProto (MTProto)
MTProto:        	Will unreference instance
DataCenterConnection: 	Disconnecting from shared DC 2
DataCenterConnection: 	Backed up 0, added to 2 existing messages) from DC 2
MTProto:        	Unreferenced instance
MTProto:        	Successfully destroyed MadelineProto
DataCenterConnection: 	Done initing auth for DC 2
Connection:     	Connected to DC 2.0 via tcp://149.154.167.41:443 main DC 2, via ipv4 using AbridgedStream => BufferedRawStream => DefaultStream!
DataCenterConnection: 	Acquiring lock in order to init auth for DC 2
DataCenterConnection: 	Initing auth for DC 2
DataCenterConnection: 	Done initing auth for DC 2
PingLoop:       	Ping DC 2.0
MTProto:        	AUTH_KEY_UNREGISTERED
MTProto:        	Starting update system
APIWrapper:     	MadelineProto готов!
APIWrapper:     	MadelineProto готов!
APIWrapper:     	Shutting down MadelineProto (danog\MadelineProto\API)
MTProto:        	Will unreference instance
DataCenterConnection: 	Disconnecting from shared DC 2
Connection:     	Disconnecting from DC 2.0
DataCenterConnection: 	Backed up  from DC 2.0
Connection:     	Disconnected from DC 2.0
DataCenterConnection: 	Backed up 0, added to 0 existing messages) from DC 2
MTProto:        	Unreferenced instance
APIWrapper:     	Prompting final serialization...
SessionPaths:   	Waiting for exclusive lock of C:\OSPanel\domains\arm\public\session.madeline\safe.php.lock...
SessionPaths:   	Got exclusive lock of C:\OSPanel\domains\arm\public\session.madeline\safe.php.lock...
SessionPaths:   	Waiting for exclusive lock of C:\OSPanel\domains\arm\public\session.madeline\lightState.php.lock...
SessionPaths:   	Got exclusive lock of C:\OSPanel\domains\arm\public\session.madeline\lightState.php.lock...
APIWrapper:     	Saved session!
APIWrapper:     	Done final serialization!
Serialization:  	Unlocking exclusive session lock!
Serialization:  	Unlocked exclusive session lock!
MTProto:        	Shutting down MadelineProto (MTProto)
MTProto:        	Will unreference instance
DataCenterConnection: 	Disconnecting from shared DC 2
DataCenterConnection: 	Backed up 0, added to 0 existing messages) from DC 2
MTProto:        	Unreferenced instance
MTProto:        	Successfully destroyed MadelineProto
Logger:         	MadelineProto 8.4.4
Logger:         	Copyright (C) 2016-2025 Daniil Gentili
Logger:         	Licensed under AGPLv3
Logger:         	https://github.com/danog/MadelineProto
Logger:         	MadelineProto можно локализировать на ваш язык (на данный момент переведено: 81%), откройте https://weblate.madelineproto.xyz чтобы помочь с переводом!
Serialization:  	Got exclusive session lock!
DataCenter:     	Connecting to DC 2
DataCenterConnection: 	Restoring 0 messages to DC 2
Session:        	Resetting session in DC 2.0 due to creating initial session...
Connection:     	Connecting to DC 2.0 via tcp://149.154.167.41:443 main DC 2, via ipv4 using AbridgedStream => BufferedRawStream => DefaultStream 
Connection:     	Connected to DC 2.0 via tcp://149.154.167.41:443 main DC 2, via ipv4 using AbridgedStream => BufferedRawStream => DefaultStream!
DataCenterConnection: 	Acquiring lock in order to init auth for DC 2
DataCenterConnection: 	Initing auth for DC 2
DataCenterConnection: 	Done initing auth for DC 2
PingLoop:       	Ping DC 2.0
MTProto:        	AUTH_KEY_UNREGISTERED
MTProto:        	Starting update system
APIWrapper:     	MadelineProto готов!
SessionPaths:   	Waiting for exclusive lock of C:\OSPanel\domains\arm\public\session.madeline\safe.php.lock...
SessionPaths:   	Got exclusive lock of C:\OSPanel\domains\arm\public\session.madeline\safe.php.lock...
SessionPaths:   	Waiting for exclusive lock of C:\OSPanel\domains\arm\public\session.madeline\lightState.php.lock...
SessionPaths:   	Got exclusive lock of C:\OSPanel\domains\arm\public\session.madeline\lightState.php.lock...
APIWrapper:     	Saved session!
APIWrapper:     	Shutting down MadelineProto (danog\MadelineProto\API)
MTProto:        	Will unreference instance
DataCenterConnection: 	Disconnecting from shared DC 2
Connection:     	Disconnecting from DC 2.0
DataCenterConnection: 	Backed up  from DC 2.0
Connection:     	Disconnected from DC 2.0
DataCenterConnection: 	Backed up 0, added to 0 existing messages) from DC 2
MTProto:        	Unreferenced instance
APIWrapper:     	Prompting final serialization...
SessionPaths:   	Waiting for exclusive lock of C:\OSPanel\domains\arm\public\session.madeline\safe.php.lock...
SessionPaths:   	Got exclusive lock of C:\OSPanel\domains\arm\public\session.madeline\safe.php.lock...
SessionPaths:   	Waiting for exclusive lock of C:\OSPanel\domains\arm\public\session.madeline\lightState.php.lock...
SessionPaths:   	Got exclusive lock of C:\OSPanel\domains\arm\public\session.madeline\lightState.php.lock...
APIWrapper:     	Saved session!
APIWrapper:     	Done final serialization!
Serialization:  	Unlocking exclusive session lock!
Serialization:  	Unlocked exclusive session lock!
MTProto:        	Shutting down MadelineProto (MTProto)
MTProto:        	Will unreference instance
DataCenterConnection: 	Disconnecting from shared DC 2
DataCenterConnection: 	Backed up 0, added to 0 existing messages) from DC 2
MTProto:        	Unreferenced instance
MTProto:        	Successfully destroyed MadelineProto
Logger:         	MadelineProto 8.4.4
Logger:         	Copyright (C) 2016-2025 Daniil Gentili
Logger:         	Licensed under AGPLv3
Logger:         	https://github.com/danog/MadelineProto
Logger:         	MadelineProto можно локализировать на ваш язык (на данный момент переведено: 81%), откройте https://weblate.madelineproto.xyz чтобы помочь с переводом!
Serialization:  	Got exclusive session lock!
DataCenter:     	Connecting to DC 2
DataCenterConnection: 	Restoring 0 messages to DC 2
Session:        	Resetting session in DC 2.0 due to creating initial session...
Connection:     	Connecting to DC 2.0 via tcp://149.154.167.41:443 main DC 2, via ipv4 using AbridgedStream => BufferedRawStream => DefaultStream 
Connection:     	Connected to DC 2.0 via tcp://149.154.167.41:443 main DC 2, via ipv4 using AbridgedStream => BufferedRawStream => DefaultStream!
DataCenterConnection: 	Acquiring lock in order to init auth for DC 2
DataCenterConnection: 	Initing auth for DC 2
DataCenterConnection: 	Done initing auth for DC 2
PingLoop:       	Ping DC 2.0
MTProto:        	AUTH_KEY_UNREGISTERED
MTProto:        	Starting update system
APIWrapper:     	MadelineProto готов!
MTProto:        	Prompting final serialization (SHUTDOWN)...
SessionPaths:   	Waiting for exclusive lock of C:\OSPanel\domains\arm\public\session.madeline\safe.php.lock...
SessionPaths:   	Got exclusive lock of C:\OSPanel\domains\arm\public\session.madeline\safe.php.lock...
SessionPaths:   	Waiting for exclusive lock of C:\OSPanel\domains\arm\public\session.madeline\lightState.php.lock...
SessionPaths:   	Got exclusive lock of C:\OSPanel\domains\arm\public\session.madeline\lightState.php.lock...
APIWrapper:     	Saved session!
MTProto:        	Done final serialization (SHUTDOWN)!
APIWrapper:     	Shutting down MadelineProto (danog\MadelineProto\API)
MTProto:        	Will unreference instance
DataCenterConnection: 	Disconnecting from shared DC 2
Connection:     	Disconnecting from DC 2.0
DataCenterConnection: 	Backed up  from DC 2.0
Connection:     	Disconnected from DC 2.0
DataCenterConnection: 	Backed up 0, added to 0 existing messages) from DC 2
MTProto:        	Unreferenced instance
APIWrapper:     	Prompting final serialization...
SessionPaths:   	Waiting for exclusive lock of C:\OSPanel\domains\arm\public\session.madeline\safe.php.lock...
SessionPaths:   	Got exclusive lock of C:\OSPanel\domains\arm\public\session.madeline\safe.php.lock...
SessionPaths:   	Waiting for exclusive lock of C:\OSPanel\domains\arm\public\session.madeline\lightState.php.lock...
SessionPaths:   	Got exclusive lock of C:\OSPanel\domains\arm\public\session.madeline\lightState.php.lock...
APIWrapper:     	Saved session!
APIWrapper:     	Done final serialization!
Serialization:  	Unlocking exclusive session lock!
Serialization:  	Unlocked exclusive session lock!
MTProto:        	Shutting down MadelineProto (MTProto)
MTProto:        	Will unreference instance
DataCenterConnection: 	Disconnecting from shared DC 2
DataCenterConnection: 	Backed up 0, added to 0 existing messages) from DC 2
MTProto:        	Unreferenced instance
MTProto:        	Successfully destroyed MadelineProto
Logger:         	MadelineProto 8.4.4
Logger:         	Copyright (C) 2016-2025 Daniil Gentili
Logger:         	Licensed under AGPLv3
Logger:         	https://github.com/danog/MadelineProto
Logger:         	MadelineProto можно локализировать на ваш язык (на данный момент переведено: 81%), откройте https://weblate.madelineproto.xyz чтобы помочь с переводом!
Serialization:  	Got exclusive session lock!
DataCenter:     	Connecting to DC 2
DataCenterConnection: 	Restoring 0 messages to DC 2
Session:        	Resetting session in DC 2.0 due to creating initial session...
Connection:     	Connecting to DC 2.0 via tcp://149.154.167.41:443 main DC 2, via ipv4 using AbridgedStream => BufferedRawStream => DefaultStream 
Connection:     	Connected to DC 2.0 via tcp://149.154.167.41:443 main DC 2, via ipv4 using AbridgedStream => BufferedRawStream => DefaultStream!
DataCenterConnection: 	Acquiring lock in order to init auth for DC 2
DataCenterConnection: 	Initing auth for DC 2
DataCenterConnection: 	Done initing auth for DC 2
PingLoop:       	Ping DC 2.0
MTProto:        	AUTH_KEY_UNREGISTERED
MTProto:        	Starting update system
APIWrapper:     	MadelineProto готов!
SessionPaths:   	Waiting for exclusive lock of C:\OSPanel\domains\arm\public\session.madeline\safe.php.lock...
SessionPaths:   	Got exclusive lock of C:\OSPanel\domains\arm\public\session.madeline\safe.php.lock...
SessionPaths:   	Waiting for exclusive lock of C:\OSPanel\domains\arm\public\session.madeline\lightState.php.lock...
SessionPaths:   	Got exclusive lock of C:\OSPanel\domains\arm\public\session.madeline\lightState.php.lock...
APIWrapper:     	Saved session!
APIWrapper:     	Shutting down MadelineProto (danog\MadelineProto\API)
MTProto:        	Will unreference instance
DataCenterConnection: 	Disconnecting from shared DC 2
Connection:     	Disconnecting from DC 2.0
DataCenterConnection: 	Backed up  from DC 2.0
Connection:     	Disconnected from DC 2.0
DataCenterConnection: 	Backed up 0, added to 0 existing messages) from DC 2
MTProto:        	Unreferenced instance
APIWrapper:     	Prompting final serialization...
SessionPaths:   	Waiting for exclusive lock of C:\OSPanel\domains\arm\public\session.madeline\safe.php.lock...
SessionPaths:   	Got exclusive lock of C:\OSPanel\domains\arm\public\session.madeline\safe.php.lock...
SessionPaths:   	Waiting for exclusive lock of C:\OSPanel\domains\arm\public\session.madeline\lightState.php.lock...
SessionPaths:   	Got exclusive lock of C:\OSPanel\domains\arm\public\session.madeline\lightState.php.lock...
APIWrapper:     	Saved session!
APIWrapper:     	Done final serialization!
Serialization:  	Unlocking exclusive session lock!
Serialization:  	Unlocked exclusive session lock!
MTProto:        	Shutting down MadelineProto (MTProto)
MTProto:        	Will unreference instance
DataCenterConnection: 	Disconnecting from shared DC 2
DataCenterConnection: 	Backed up 0, added to 0 existing messages) from DC 2
MTProto:        	Unreferenced instance
MTProto:        	Successfully destroyed MadelineProto
Logger:         	MadelineProto 8.4.4
Logger:         	Copyright (C) 2016-2025 Daniil Gentili
Logger:         	Licensed under AGPLv3
Logger:         	https://github.com/danog/MadelineProto
Logger:         	MadelineProto можно локализировать на ваш язык (на данный момент переведено: 81%), откройте https://weblate.madelineproto.xyz чтобы помочь с переводом!
Serialization:  	Got exclusive session lock!
DataCenter:     	Connecting to DC 2
DataCenterConnection: 	Restoring 0 messages to DC 2
Session:        	Resetting session in DC 2.0 due to creating initial session...
Connection:     	Connecting to DC 2.0 via tcp://149.154.167.41:443 main DC 2, via ipv4 using AbridgedStream => BufferedRawStream => DefaultStream 
Connection:     	Connected to DC 2.0 via tcp://149.154.167.41:443 main DC 2, via ipv4 using AbridgedStream => BufferedRawStream => DefaultStream!
DataCenterConnection: 	Acquiring lock in order to init auth for DC 2
DataCenterConnection: 	Initing auth for DC 2
DataCenterConnection: 	Done initing auth for DC 2
PingLoop:       	Ping DC 2.0
MTProto:        	AUTH_KEY_UNREGISTERED
MTProto:        	Starting update system
APIWrapper:     	MadelineProto готов!
MTProto:        	Prompting final serialization (SHUTDOWN)...
SessionPaths:   	Waiting for exclusive lock of C:\OSPanel\domains\arm\public\session.madeline\safe.php.lock...
SessionPaths:   	Got exclusive lock of C:\OSPanel\domains\arm\public\session.madeline\safe.php.lock...
SessionPaths:   	Waiting for exclusive lock of C:\OSPanel\domains\arm\public\session.madeline\lightState.php.lock...
SessionPaths:   	Got exclusive lock of C:\OSPanel\domains\arm\public\session.madeline\lightState.php.lock...
APIWrapper:     	Saved session!
MTProto:        	Done final serialization (SHUTDOWN)!
APIWrapper:     	Shutting down MadelineProto (danog\MadelineProto\API)
MTProto:        	Will unreference instance
DataCenterConnection: 	Disconnecting from shared DC 2
Connection:     	Disconnecting from DC 2.0
DataCenterConnection: 	Backed up  from DC 2.0
Connection:     	Disconnected from DC 2.0
DataCenterConnection: 	Backed up 0, added to 0 existing messages) from DC 2
MTProto:        	Unreferenced instance
APIWrapper:     	Prompting final serialization...
SessionPaths:   	Waiting for exclusive lock of C:\OSPanel\domains\arm\public\session.madeline\safe.php.lock...
SessionPaths:   	Got exclusive lock of C:\OSPanel\domains\arm\public\session.madeline\safe.php.lock...
SessionPaths:   	Waiting for exclusive lock of C:\OSPanel\domains\arm\public\session.madeline\lightState.php.lock...
SessionPaths:   	Got exclusive lock of C:\OSPanel\domains\arm\public\session.madeline\lightState.php.lock...
APIWrapper:     	Saved session!
APIWrapper:     	Done final serialization!
Serialization:  	Unlocking exclusive session lock!
Serialization:  	Unlocked exclusive session lock!
MTProto:        	Shutting down MadelineProto (MTProto)
MTProto:        	Will unreference instance
DataCenterConnection: 	Disconnecting from shared DC 2
DataCenterConnection: 	Backed up 0, added to 0 existing messages) from DC 2
MTProto:        	Unreferenced instance
MTProto:        	Successfully destroyed MadelineProto
Logger:         	MadelineProto 8.4.4
Logger:         	Copyright (C) 2016-2025 Daniil Gentili
Logger:         	Licensed under AGPLv3
Logger:         	https://github.com/danog/MadelineProto
Logger:         	MadelineProto можно локализировать на ваш язык (на данный момент переведено: 81%), откройте https://weblate.madelineproto.xyz чтобы помочь с переводом!
Serialization:  	Got exclusive session lock!
DataCenter:     	Connecting to DC 2
DataCenterConnection: 	Restoring 0 messages to DC 2
Session:        	Resetting session in DC 2.0 due to creating initial session...
Connection:     	Connecting to DC 2.0 via tcp://149.154.167.41:443 main DC 2, via ipv4 using AbridgedStream => BufferedRawStream => DefaultStream 
Connection:     	Connected to DC 2.0 via tcp://149.154.167.41:443 main DC 2, via ipv4 using AbridgedStream => BufferedRawStream => DefaultStream!
DataCenterConnection: 	Acquiring lock in order to init auth for DC 2
DataCenterConnection: 	Initing auth for DC 2
DataCenterConnection: 	Done initing auth for DC 2
PingLoop:       	Ping DC 2.0
MTProto:        	AUTH_KEY_UNREGISTERED
MTProto:        	Starting update system
APIWrapper:     	MadelineProto готов!
SessionPaths:   	Waiting for exclusive lock of C:\OSPanel\domains\arm\public\session.madeline\safe.php.lock...
SessionPaths:   	Got exclusive lock of C:\OSPanel\domains\arm\public\session.madeline\safe.php.lock...
SessionPaths:   	Waiting for exclusive lock of C:\OSPanel\domains\arm\public\session.madeline\lightState.php.lock...
SessionPaths:   	Got exclusive lock of C:\OSPanel\domains\arm\public\session.madeline\lightState.php.lock...
APIWrapper:     	Saved session!
APIWrapper:     	Shutting down MadelineProto (danog\MadelineProto\API)
MTProto:        	Will unreference instance
DataCenterConnection: 	Disconnecting from shared DC 2
Connection:     	Disconnecting from DC 2.0
DataCenterConnection: 	Backed up  from DC 2.0
Connection:     	Disconnected from DC 2.0
DataCenterConnection: 	Backed up 0, added to 0 existing messages) from DC 2
MTProto:        	Unreferenced instance
APIWrapper:     	Prompting final serialization...
SessionPaths:   	Waiting for exclusive lock of C:\OSPanel\domains\arm\public\session.madeline\safe.php.lock...
SessionPaths:   	Got exclusive lock of C:\OSPanel\domains\arm\public\session.madeline\safe.php.lock...
SessionPaths:   	Waiting for exclusive lock of C:\OSPanel\domains\arm\public\session.madeline\lightState.php.lock...
SessionPaths:   	Got exclusive lock of C:\OSPanel\domains\arm\public\session.madeline\lightState.php.lock...
APIWrapper:     	Saved session!
APIWrapper:     	Done final serialization!
Serialization:  	Unlocking exclusive session lock!
Serialization:  	Unlocked exclusive session lock!
MTProto:        	Shutting down MadelineProto (MTProto)
MTProto:        	Will unreference instance
DataCenterConnection: 	Disconnecting from shared DC 2
DataCenterConnection: 	Backed up 0, added to 0 existing messages) from DC 2
MTProto:        	Unreferenced instance
MTProto:        	Successfully destroyed MadelineProto
Logger:         	MadelineProto 8.4.4
Logger:         	Copyright (C) 2016-2025 Daniil Gentili
Logger:         	Licensed under AGPLv3
Logger:         	https://github.com/danog/MadelineProto
Logger:         	MadelineProto можно локализировать на ваш язык (на данный момент переведено: 81%), откройте https://weblate.madelineproto.xyz чтобы помочь с переводом!
Serialization:  	Got exclusive session lock!
DataCenter:     	Connecting to DC 2
DataCenterConnection: 	Restoring 0 messages to DC 2
Session:        	Resetting session in DC 2.0 due to creating initial session...
Connection:     	Connecting to DC 2.0 via tcp://149.154.167.41:443 main DC 2, via ipv4 using AbridgedStream => BufferedRawStream => DefaultStream 
Connection:     	Connected to DC 2.0 via tcp://149.154.167.41:443 main DC 2, via ipv4 using AbridgedStream => BufferedRawStream => DefaultStream!
DataCenterConnection: 	Acquiring lock in order to init auth for DC 2
DataCenterConnection: 	Initing auth for DC 2
DataCenterConnection: 	Done initing auth for DC 2
PingLoop:       	Ping DC 2.0
MTProto:        	AUTH_KEY_UNREGISTERED
MTProto:        	Starting update system
APIWrapper:     	MadelineProto готов!
MTProto:        	Prompting final serialization (SHUTDOWN)...
SessionPaths:   	Waiting for exclusive lock of C:\OSPanel\domains\arm\public\session.madeline\safe.php.lock...
SessionPaths:   	Got exclusive lock of C:\OSPanel\domains\arm\public\session.madeline\safe.php.lock...
SessionPaths:   	Waiting for exclusive lock of C:\OSPanel\domains\arm\public\session.madeline\lightState.php.lock...
SessionPaths:   	Got exclusive lock of C:\OSPanel\domains\arm\public\session.madeline\lightState.php.lock...
APIWrapper:     	Saved session!
MTProto:        	Done final serialization (SHUTDOWN)!
APIWrapper:     	Shutting down MadelineProto (danog\MadelineProto\API)
MTProto:        	Will unreference instance
DataCenterConnection: 	Disconnecting from shared DC 2
Connection:     	Disconnecting from DC 2.0
DataCenterConnection: 	Backed up  from DC 2.0
Connection:     	Disconnected from DC 2.0
DataCenterConnection: 	Backed up 0, added to 0 existing messages) from DC 2
MTProto:        	Unreferenced instance
APIWrapper:     	Prompting final serialization...
SessionPaths:   	Waiting for exclusive lock of C:\OSPanel\domains\arm\public\session.madeline\safe.php.lock...
SessionPaths:   	Got exclusive lock of C:\OSPanel\domains\arm\public\session.madeline\safe.php.lock...
SessionPaths:   	Waiting for exclusive lock of C:\OSPanel\domains\arm\public\session.madeline\lightState.php.lock...
SessionPaths:   	Got exclusive lock of C:\OSPanel\domains\arm\public\session.madeline\lightState.php.lock...
APIWrapper:     	Saved session!
APIWrapper:     	Done final serialization!
Serialization:  	Unlocking exclusive session lock!
Serialization:  	Unlocked exclusive session lock!
MTProto:        	Shutting down MadelineProto (MTProto)
MTProto:        	Will unreference instance
DataCenterConnection: 	Disconnecting from shared DC 2
DataCenterConnection: 	Backed up 0, added to 0 existing messages) from DC 2
MTProto:        	Unreferenced instance
MTProto:        	Successfully destroyed MadelineProto
Logger:         	MadelineProto 8.4.4
Logger:         	Copyright (C) 2016-2025 Daniil Gentili
Logger:         	Licensed under AGPLv3
Logger:         	https://github.com/danog/MadelineProto
Logger:         	MadelineProto можно локализировать на ваш язык (на данный момент переведено: 81%), откройте https://weblate.madelineproto.xyz чтобы помочь с переводом!
Serialization:  	Got exclusive session lock!
DataCenter:     	Connecting to DC 2
DataCenterConnection: 	Restoring 0 messages to DC 2
Session:        	Resetting session in DC 2.0 due to creating initial session...
Connection:     	Connecting to DC 2.0 via tcp://149.154.167.41:443 main DC 2, via ipv4 using AbridgedStream => BufferedRawStream => DefaultStream 
Connection:     	Connected to DC 2.0 via tcp://149.154.167.41:443 main DC 2, via ipv4 using AbridgedStream => BufferedRawStream => DefaultStream!
DataCenterConnection: 	Acquiring lock in order to init auth for DC 2
DataCenterConnection: 	Initing auth for DC 2
DataCenterConnection: 	Done initing auth for DC 2
PingLoop:       	Ping DC 2.0
MTProto:        	AUTH_KEY_UNREGISTERED
MTProto:        	Starting update system
APIWrapper:     	MadelineProto готов!
SessionPaths:   	Waiting for exclusive lock of C:\OSPanel\domains\arm\public\session.madeline\safe.php.lock...
SessionPaths:   	Got exclusive lock of C:\OSPanel\domains\arm\public\session.madeline\safe.php.lock...
SessionPaths:   	Waiting for exclusive lock of C:\OSPanel\domains\arm\public\session.madeline\lightState.php.lock...
SessionPaths:   	Got exclusive lock of C:\OSPanel\domains\arm\public\session.madeline\lightState.php.lock...
APIWrapper:     	Saved session!
APIWrapper:     	Shutting down MadelineProto (danog\MadelineProto\API)
MTProto:        	Will unreference instance
DataCenterConnection: 	Disconnecting from shared DC 2
Connection:     	Disconnecting from DC 2.0
DataCenterConnection: 	Backed up  from DC 2.0
Connection:     	Disconnected from DC 2.0
DataCenterConnection: 	Backed up 0, added to 0 existing messages) from DC 2
MTProto:        	Unreferenced instance
APIWrapper:     	Prompting final serialization...
SessionPaths:   	Waiting for exclusive lock of C:\OSPanel\domains\arm\public\session.madeline\safe.php.lock...
SessionPaths:   	Got exclusive lock of C:\OSPanel\domains\arm\public\session.madeline\safe.php.lock...
SessionPaths:   	Waiting for exclusive lock of C:\OSPanel\domains\arm\public\session.madeline\lightState.php.lock...
SessionPaths:   	Got exclusive lock of C:\OSPanel\domains\arm\public\session.madeline\lightState.php.lock...
APIWrapper:     	Saved session!
APIWrapper:     	Done final serialization!
Serialization:  	Unlocking exclusive session lock!
Serialization:  	Unlocked exclusive session lock!
MTProto:        	Shutting down MadelineProto (MTProto)
MTProto:        	Will unreference instance
DataCenterConnection: 	Disconnecting from shared DC 2
DataCenterConnection: 	Backed up 0, added to 0 existing messages) from DC 2
MTProto:        	Unreferenced instance
MTProto:        	Successfully destroyed MadelineProto
Logger:         	MadelineProto 8.4.4
Logger:         	Copyright (C) 2016-2025 Daniil Gentili
Logger:         	Licensed under AGPLv3
Logger:         	https://github.com/danog/MadelineProto
Logger:         	MadelineProto можно локализировать на ваш язык (на данный момент переведено: 81%), откройте https://weblate.madelineproto.xyz чтобы помочь с переводом!
Serialization:  	Got exclusive session lock!
DataCenter:     	Connecting to DC 2
DataCenterConnection: 	Restoring 0 messages to DC 2
Session:        	Resetting session in DC 2.0 due to creating initial session...
Connection:     	Connecting to DC 2.0 via tcp://149.154.167.41:443 main DC 2, via ipv4 using AbridgedStream => BufferedRawStream => DefaultStream 
Connection:     	Connected to DC 2.0 via tcp://149.154.167.41:443 main DC 2, via ipv4 using AbridgedStream => BufferedRawStream => DefaultStream!
DataCenterConnection: 	Acquiring lock in order to init auth for DC 2
DataCenterConnection: 	Initing auth for DC 2
DataCenterConnection: 	Done initing auth for DC 2
PingLoop:       	Ping DC 2.0
MTProto:        	AUTH_KEY_UNREGISTERED
MTProto:        	Starting update system
APIWrapper:     	MadelineProto готов!
MTProto:        	Prompting final serialization (SHUTDOWN)...
SessionPaths:   	Waiting for exclusive lock of C:\OSPanel\domains\arm\public\session.madeline\safe.php.lock...
SessionPaths:   	Got exclusive lock of C:\OSPanel\domains\arm\public\session.madeline\safe.php.lock...
SessionPaths:   	Waiting for exclusive lock of C:\OSPanel\domains\arm\public\session.madeline\lightState.php.lock...
SessionPaths:   	Got exclusive lock of C:\OSPanel\domains\arm\public\session.madeline\lightState.php.lock...
APIWrapper:     	Saved session!
MTProto:        	Done final serialization (SHUTDOWN)!
APIWrapper:     	Shutting down MadelineProto (danog\MadelineProto\API)
MTProto:        	Will unreference instance
DataCenterConnection: 	Disconnecting from shared DC 2
Connection:     	Disconnecting from DC 2.0
DataCenterConnection: 	Backed up  from DC 2.0
Connection:     	Disconnected from DC 2.0
DataCenterConnection: 	Backed up 0, added to 0 existing messages) from DC 2
MTProto:        	Unreferenced instance
APIWrapper:     	Prompting final serialization...
SessionPaths:   	Waiting for exclusive lock of C:\OSPanel\domains\arm\public\session.madeline\safe.php.lock...
SessionPaths:   	Got exclusive lock of C:\OSPanel\domains\arm\public\session.madeline\safe.php.lock...
SessionPaths:   	Waiting for exclusive lock of C:\OSPanel\domains\arm\public\session.madeline\lightState.php.lock...
SessionPaths:   	Got exclusive lock of C:\OSPanel\domains\arm\public\session.madeline\lightState.php.lock...
APIWrapper:     	Saved session!
APIWrapper:     	Done final serialization!
Serialization:  	Unlocking exclusive session lock!
Serialization:  	Unlocked exclusive session lock!
MTProto:        	Shutting down MadelineProto (MTProto)
MTProto:        	Will unreference instance
DataCenterConnection: 	Disconnecting from shared DC 2
DataCenterConnection: 	Backed up 0, added to 0 existing messages) from DC 2
MTProto:        	Unreferenced instance
MTProto:        	Successfully destroyed MadelineProto
Logger:         	MadelineProto 8.4.4
Logger:         	Copyright (C) 2016-2025 Daniil Gentili
Logger:         	Licensed under AGPLv3
Logger:         	https://github.com/danog/MadelineProto
Logger:         	MadelineProto можно локализировать на ваш язык (на данный момент переведено: 81%), откройте https://weblate.madelineproto.xyz чтобы помочь с переводом!
Serialization:  	Got exclusive session lock!
DataCenter:     	Connecting to DC 2
DataCenterConnection: 	Restoring 0 messages to DC 2
Session:        	Resetting session in DC 2.0 due to creating initial session...
Connection:     	Connecting to DC 2.0 via tcp://149.154.167.41:443 main DC 2, via ipv4 using AbridgedStream => BufferedRawStream => DefaultStream 
Connection:     	Connected to DC 2.0 via tcp://149.154.167.41:443 main DC 2, via ipv4 using AbridgedStream => BufferedRawStream => DefaultStream!
DataCenterConnection: 	Acquiring lock in order to init auth for DC 2
DataCenterConnection: 	Initing auth for DC 2
DataCenterConnection: 	Done initing auth for DC 2
PingLoop:       	Ping DC 2.0
MTProto:        	AUTH_KEY_UNREGISTERED
MTProto:        	Starting update system
APIWrapper:     	MadelineProto готов!
SessionPaths:   	Waiting for exclusive lock of C:\OSPanel\domains\arm\public\session.madeline\safe.php.lock...
SessionPaths:   	Got exclusive lock of C:\OSPanel\domains\arm\public\session.madeline\safe.php.lock...
SessionPaths:   	Waiting for exclusive lock of C:\OSPanel\domains\arm\public\session.madeline\lightState.php.lock...
SessionPaths:   	Got exclusive lock of C:\OSPanel\domains\arm\public\session.madeline\lightState.php.lock...
APIWrapper:     	Saved session!
APIWrapper:     	Shutting down MadelineProto (danog\MadelineProto\API)
MTProto:        	Will unreference instance
DataCenterConnection: 	Disconnecting from shared DC 2
Connection:     	Disconnecting from DC 2.0
DataCenterConnection: 	Backed up  from DC 2.0
Connection:     	Disconnected from DC 2.0
DataCenterConnection: 	Backed up 0, added to 0 existing messages) from DC 2
MTProto:        	Unreferenced instance
APIWrapper:     	Prompting final serialization...
SessionPaths:   	Waiting for exclusive lock of C:\OSPanel\domains\arm\public\session.madeline\safe.php.lock...
SessionPaths:   	Got exclusive lock of C:\OSPanel\domains\arm\public\session.madeline\safe.php.lock...
SessionPaths:   	Waiting for exclusive lock of C:\OSPanel\domains\arm\public\session.madeline\lightState.php.lock...
SessionPaths:   	Got exclusive lock of C:\OSPanel\domains\arm\public\session.madeline\lightState.php.lock...
APIWrapper:     	Saved session!
APIWrapper:     	Done final serialization!
Serialization:  	Unlocking exclusive session lock!
Serialization:  	Unlocked exclusive session lock!
MTProto:        	Shutting down MadelineProto (MTProto)
MTProto:        	Will unreference instance
DataCenterConnection: 	Disconnecting from shared DC 2
DataCenterConnection: 	Backed up 0, added to 0 existing messages) from DC 2
MTProto:        	Unreferenced instance
MTProto:        	Successfully destroyed MadelineProto
Logger:         	MadelineProto 8.4.4
Logger:         	Copyright (C) 2016-2025 Daniil Gentili
Logger:         	Licensed under AGPLv3
Logger:         	https://github.com/danog/MadelineProto
Logger:         	MadelineProto можно локализировать на ваш язык (на данный момент переведено: 81%), откройте https://weblate.madelineproto.xyz чтобы помочь с переводом!
Serialization:  	Got exclusive session lock!
DataCenter:     	Connecting to DC 2
DataCenterConnection: 	Restoring 0 messages to DC 2
Session:        	Resetting session in DC 2.0 due to creating initial session...
Connection:     	Connecting to DC 2.0 via tcp://149.154.167.41:443 main DC 2, via ipv4 using AbridgedStream => BufferedRawStream => DefaultStream 
Connection:     	Connected to DC 2.0 via tcp://149.154.167.41:443 main DC 2, via ipv4 using AbridgedStream => BufferedRawStream => DefaultStream!
DataCenterConnection: 	Acquiring lock in order to init auth for DC 2
DataCenterConnection: 	Initing auth for DC 2
DataCenterConnection: 	Done initing auth for DC 2
PingLoop:       	Ping DC 2.0
MTProto:        	AUTH_KEY_UNREGISTERED
MTProto:        	Starting update system
APIWrapper:     	MadelineProto готов!
MTProto:        	Prompting final serialization (SHUTDOWN)...
SessionPaths:   	Waiting for exclusive lock of C:\OSPanel\domains\arm\public\session.madeline\safe.php.lock...
SessionPaths:   	Got exclusive lock of C:\OSPanel\domains\arm\public\session.madeline\safe.php.lock...
SessionPaths:   	Waiting for exclusive lock of C:\OSPanel\domains\arm\public\session.madeline\lightState.php.lock...
SessionPaths:   	Got exclusive lock of C:\OSPanel\domains\arm\public\session.madeline\lightState.php.lock...
APIWrapper:     	Saved session!
MTProto:        	Done final serialization (SHUTDOWN)!
APIWrapper:     	Shutting down MadelineProto (danog\MadelineProto\API)
MTProto:        	Will unreference instance
DataCenterConnection: 	Disconnecting from shared DC 2
Connection:     	Disconnecting from DC 2.0
DataCenterConnection: 	Backed up  from DC 2.0
Connection:     	Disconnected from DC 2.0
DataCenterConnection: 	Backed up 0, added to 0 existing messages) from DC 2
MTProto:        	Unreferenced instance
APIWrapper:     	Prompting final serialization...
SessionPaths:   	Waiting for exclusive lock of C:\OSPanel\domains\arm\public\session.madeline\safe.php.lock...
SessionPaths:   	Got exclusive lock of C:\OSPanel\domains\arm\public\session.madeline\safe.php.lock...
SessionPaths:   	Waiting for exclusive lock of C:\OSPanel\domains\arm\public\session.madeline\lightState.php.lock...
SessionPaths:   	Got exclusive lock of C:\OSPanel\domains\arm\public\session.madeline\lightState.php.lock...
APIWrapper:     	Saved session!
APIWrapper:     	Done final serialization!
Serialization:  	Unlocking exclusive session lock!
Serialization:  	Unlocked exclusive session lock!
MTProto:        	Shutting down MadelineProto (MTProto)
MTProto:        	Will unreference instance
DataCenterConnection: 	Disconnecting from shared DC 2
DataCenterConnection: 	Backed up 0, added to 0 existing messages) from DC 2
MTProto:        	Unreferenced instance
MTProto:        	Successfully destroyed MadelineProto
Logger:         	MadelineProto 8.4.4
Logger:         	Copyright (C) 2016-2025 Daniil Gentili
Logger:         	Licensed under AGPLv3
Logger:         	https://github.com/danog/MadelineProto
Logger:         	MadelineProto можно локализировать на ваш язык (на данный момент переведено: 81%), откройте https://weblate.madelineproto.xyz чтобы помочь с переводом!
Serialization:  	Got exclusive session lock!
DataCenter:     	Connecting to DC 2
DataCenterConnection: 	Restoring 0 messages to DC 2
Session:        	Resetting session in DC 2.0 due to creating initial session...
Connection:     	Connecting to DC 2.0 via tcp://149.154.167.41:443 main DC 2, via ipv4 using AbridgedStream => BufferedRawStream => DefaultStream 
Connection:     	Connected to DC 2.0 via tcp://149.154.167.41:443 main DC 2, via ipv4 using AbridgedStream => BufferedRawStream => DefaultStream!
DataCenterConnection: 	Acquiring lock in order to init auth for DC 2
DataCenterConnection: 	Initing auth for DC 2
DataCenterConnection: 	Done initing auth for DC 2
PingLoop:       	Ping DC 2.0
MTProto:        	AUTH_KEY_UNREGISTERED
MTProto:        	Starting update system
APIWrapper:     	MadelineProto готов!
MTProto:        	Prompting final serialization (SHUTDOWN)...
SessionPaths:   	Waiting for exclusive lock of C:\OSPanel\domains\arm\public\session.madeline\safe.php.lock...
SessionPaths:   	Got exclusive lock of C:\OSPanel\domains\arm\public\session.madeline\safe.php.lock...
SessionPaths:   	Waiting for exclusive lock of C:\OSPanel\domains\arm\public\session.madeline\lightState.php.lock...
SessionPaths:   	Got exclusive lock of C:\OSPanel\domains\arm\public\session.madeline\lightState.php.lock...
APIWrapper:     	Saved session!
MTProto:        	Done final serialization (SHUTDOWN)!
APIWrapper:     	Shutting down MadelineProto (danog\MadelineProto\API)
MTProto:        	Will unreference instance
DataCenterConnection: 	Disconnecting from shared DC 2
Connection:     	Disconnecting from DC 2.0
DataCenterConnection: 	Backed up  from DC 2.0
Connection:     	Disconnected from DC 2.0
DataCenterConnection: 	Backed up 0, added to 0 existing messages) from DC 2
MTProto:        	Unreferenced instance
APIWrapper:     	Prompting final serialization...
SessionPaths:   	Waiting for exclusive lock of C:\OSPanel\domains\arm\public\session.madeline\safe.php.lock...
SessionPaths:   	Got exclusive lock of C:\OSPanel\domains\arm\public\session.madeline\safe.php.lock...
SessionPaths:   	Waiting for exclusive lock of C:\OSPanel\domains\arm\public\session.madeline\lightState.php.lock...
SessionPaths:   	Got exclusive lock of C:\OSPanel\domains\arm\public\session.madeline\lightState.php.lock...
APIWrapper:     	Saved session!
APIWrapper:     	Done final serialization!
Serialization:  	Unlocking exclusive session lock!
Serialization:  	Unlocked exclusive session lock!
MTProto:        	Shutting down MadelineProto (MTProto)
MTProto:        	Will unreference instance
DataCenterConnection: 	Disconnecting from shared DC 2
DataCenterConnection: 	Backed up 0, added to 0 existing messages) from DC 2
MTProto:        	Unreferenced instance
MTProto:        	Successfully destroyed MadelineProto
Logger:         	MadelineProto 8.4.4
Logger:         	Copyright (C) 2016-2025 Daniil Gentili
Logger:         	Licensed under AGPLv3
Logger:         	https://github.com/danog/MadelineProto
Logger:         	MadelineProto можно локализировать на ваш язык (на данный момент переведено: 81%), откройте https://weblate.madelineproto.xyz чтобы помочь с переводом!
Serialization:  	Got exclusive session lock!
DataCenter:     	Connecting to DC 2
DataCenterConnection: 	Restoring 0 messages to DC 2
Session:        	Resetting session in DC 2.0 due to creating initial session...
Connection:     	Connecting to DC 2.0 via tcp://149.154.167.41:443 main DC 2, via ipv4 using AbridgedStream => BufferedRawStream => DefaultStream 
Connection:     	Connected to DC 2.0 via tcp://149.154.167.41:443 main DC 2, via ipv4 using AbridgedStream => BufferedRawStream => DefaultStream!
DataCenterConnection: 	Acquiring lock in order to init auth for DC 2
DataCenterConnection: 	Initing auth for DC 2
DataCenterConnection: 	Done initing auth for DC 2
PingLoop:       	Ping DC 2.0
MTProto:        	AUTH_KEY_UNREGISTERED
MTProto:        	Starting update system
APIWrapper:     	MadelineProto готов!
MTProto:        	Prompting final serialization (SHUTDOWN)...
SessionPaths:   	Waiting for exclusive lock of C:\OSPanel\domains\arm\public\session.madeline\safe.php.lock...
SessionPaths:   	Got exclusive lock of C:\OSPanel\domains\arm\public\session.madeline\safe.php.lock...
SessionPaths:   	Waiting for exclusive lock of C:\OSPanel\domains\arm\public\session.madeline\lightState.php.lock...
SessionPaths:   	Got exclusive lock of C:\OSPanel\domains\arm\public\session.madeline\lightState.php.lock...
APIWrapper:     	Saved session!
MTProto:        	Done final serialization (SHUTDOWN)!
APIWrapper:     	Shutting down MadelineProto (danog\MadelineProto\API)
MTProto:        	Will unreference instance
DataCenterConnection: 	Disconnecting from shared DC 2
Connection:     	Disconnecting from DC 2.0
DataCenterConnection: 	Backed up  from DC 2.0
Connection:     	Disconnected from DC 2.0
DataCenterConnection: 	Backed up 0, added to 0 existing messages) from DC 2
MTProto:        	Unreferenced instance
APIWrapper:     	Prompting final serialization...
SessionPaths:   	Waiting for exclusive lock of C:\OSPanel\domains\arm\public\session.madeline\safe.php.lock...
SessionPaths:   	Got exclusive lock of C:\OSPanel\domains\arm\public\session.madeline\safe.php.lock...
SessionPaths:   	Waiting for exclusive lock of C:\OSPanel\domains\arm\public\session.madeline\lightState.php.lock...
SessionPaths:   	Got exclusive lock of C:\OSPanel\domains\arm\public\session.madeline\lightState.php.lock...
APIWrapper:     	Saved session!
APIWrapper:     	Done final serialization!
Serialization:  	Unlocking exclusive session lock!
Serialization:  	Unlocked exclusive session lock!
MTProto:        	Shutting down MadelineProto (MTProto)
MTProto:        	Will unreference instance
DataCenterConnection: 	Disconnecting from shared DC 2
DataCenterConnection: 	Backed up 0, added to 0 existing messages) from DC 2
MTProto:        	Unreferenced instance
MTProto:        	Successfully destroyed MadelineProto
Logger:         	MadelineProto 8.4.4
Logger:         	Copyright (C) 2016-2025 Daniil Gentili
Logger:         	Licensed under AGPLv3
Logger:         	https://github.com/danog/MadelineProto
Logger:         	MadelineProto можно локализировать на ваш язык (на данный момент переведено: 81%), откройте https://weblate.madelineproto.xyz чтобы помочь с переводом!
Serialization:  	Got exclusive session lock!
DataCenter:     	Connecting to DC 2
DataCenterConnection: 	Restoring 0 messages to DC 2
Session:        	Resetting session in DC 2.0 due to creating initial session...
Connection:     	Connecting to DC 2.0 via tcp://149.154.167.41:443 main DC 2, via ipv4 using AbridgedStream => BufferedRawStream => DefaultStream 
Connection:     	Connected to DC 2.0 via tcp://149.154.167.41:443 main DC 2, via ipv4 using AbridgedStream => BufferedRawStream => DefaultStream!
DataCenterConnection: 	Acquiring lock in order to init auth for DC 2
DataCenterConnection: 	Initing auth for DC 2
DataCenterConnection: 	Done initing auth for DC 2
PingLoop:       	Ping DC 2.0
MTProto:        	AUTH_KEY_UNREGISTERED
MTProto:        	Starting update system
APIWrapper:     	MadelineProto готов!
SessionPaths:   	Waiting for exclusive lock of C:\OSPanel\domains\arm\public\session.madeline\safe.php.lock...
SessionPaths:   	Got exclusive lock of C:\OSPanel\domains\arm\public\session.madeline\safe.php.lock...
SessionPaths:   	Waiting for exclusive lock of C:\OSPanel\domains\arm\public\session.madeline\lightState.php.lock...
SessionPaths:   	Got exclusive lock of C:\OSPanel\domains\arm\public\session.madeline\lightState.php.lock...
APIWrapper:     	Saved session!
APIWrapper:     	Shutting down MadelineProto (danog\MadelineProto\API)
MTProto:        	Will unreference instance
DataCenterConnection: 	Disconnecting from shared DC 2
Connection:     	Disconnecting from DC 2.0
DataCenterConnection: 	Backed up  from DC 2.0
Connection:     	Disconnected from DC 2.0
DataCenterConnection: 	Backed up 0, added to 0 existing messages) from DC 2
MTProto:        	Unreferenced instance
APIWrapper:     	Prompting final serialization...
SessionPaths:   	Waiting for exclusive lock of C:\OSPanel\domains\arm\public\session.madeline\safe.php.lock...
SessionPaths:   	Got exclusive lock of C:\OSPanel\domains\arm\public\session.madeline\safe.php.lock...
SessionPaths:   	Waiting for exclusive lock of C:\OSPanel\domains\arm\public\session.madeline\lightState.php.lock...
SessionPaths:   	Got exclusive lock of C:\OSPanel\domains\arm\public\session.madeline\lightState.php.lock...
APIWrapper:     	Saved session!
APIWrapper:     	Done final serialization!
Serialization:  	Unlocking exclusive session lock!
Serialization:  	Unlocked exclusive session lock!
MTProto:        	Shutting down MadelineProto (MTProto)
MTProto:        	Will unreference instance
DataCenterConnection: 	Disconnecting from shared DC 2
DataCenterConnection: 	Backed up 0, added to 0 existing messages) from DC 2
MTProto:        	Unreferenced instance
MTProto:        	Successfully destroyed MadelineProto
